{ time: [34m21-04-2022 12:58:24[39m level: [31merror[39m message: uncaughtException: Route.put() requires a callback function but got a [object Undefined]
Error: Route.put() requires a callback function but got a [object Undefined]
    at Route.<computed> [as put] (C:\CREDITCLAN\web_hook\Inventory\node_modules\express\lib\router\route.js:202:15)
    at Function.proto.<computed> [as put] (C:\CREDITCLAN\web_hook\Inventory\node_modules\express\lib\router\index.js:516:19)
    at Object.<anonymous> (C:\CREDITCLAN\web_hook\Inventory\routes\process.route.js:11:8)
    at Module._compile (internal/modules/cjs/loader.js:1063:30)
    at Object.Module._extensions..js (internal/modules/cjs/loader.js:1092:10)
    at Module.load (internal/modules/cjs/loader.js:928:32)
    at Function.Module._load (internal/modules/cjs/loader.js:769:14)
    at Module.require (internal/modules/cjs/loader.js:952:19)
    at require (internal/modules/cjs/helpers.js:88:18)
    at Object.<anonymous> (C:\CREDITCLAN\web_hook\Inventory\util\middleware&route.js:5:22) stack: Error: Route.put() requires a callback function but got a [object Undefined]
    at Route.<computed> [as put] (C:\CREDITCLAN\web_hook\Inventory\node_modules\express\lib\router\route.js:202:15)
    at Function.proto.<computed> [as put] (C:\CREDITCLAN\web_hook\Inventory\node_modules\express\lib\router\index.js:516:19)
    at Object.<anonymous> (C:\CREDITCLAN\web_hook\Inventory\routes\process.route.js:11:8)
    at Module._compile (internal/modules/cjs/loader.js:1063:30)
    at Object.Module._extensions..js (internal/modules/cjs/loader.js:1092:10)
    at Module.load (internal/modules/cjs/loader.js:928:32)
    at Function.Module._load (internal/modules/cjs/loader.js:769:14)
    at Module.require (internal/modules/cjs/loader.js:952:19)
    at require (internal/modules/cjs/helpers.js:88:18)
    at Object.<anonymous> (C:\CREDITCLAN\web_hook\Inventory\util\middleware&route.js:5:22) }
{ time: [34m21-04-2022 14:31:01[39m level: [31merror[39m message: uncaughtException: Route.get() requires a callback function but got a [object Undefined]
Error: Route.get() requires a callback function but got a [object Undefined]
    at Route.<computed> [as get] (C:\CREDITCLAN\web_hook\Inventory\node_modules\express\lib\router\route.js:202:15)
    at Function.proto.<computed> [as get] (C:\CREDITCLAN\web_hook\Inventory\node_modules\express\lib\router\index.js:516:19)
    at Object.<anonymous> (C:\CREDITCLAN\web_hook\Inventory\routes\process.route.js:15:8)
    at Module._compile (internal/modules/cjs/loader.js:1063:30)
    at Object.Module._extensions..js (internal/modules/cjs/loader.js:1092:10)
    at Module.load (internal/modules/cjs/loader.js:928:32)
    at Function.Module._load (internal/modules/cjs/loader.js:769:14)
    at Module.require (internal/modules/cjs/loader.js:952:19)
    at require (internal/modules/cjs/helpers.js:88:18)
    at Object.<anonymous> (C:\CREDITCLAN\web_hook\Inventory\util\middleware&route.js:5:22) stack: Error: Route.get() requires a callback function but got a [object Undefined]
    at Route.<computed> [as get] (C:\CREDITCLAN\web_hook\Inventory\node_modules\express\lib\router\route.js:202:15)
    at Function.proto.<computed> [as get] (C:\CREDITCLAN\web_hook\Inventory\node_modules\express\lib\router\index.js:516:19)
    at Object.<anonymous> (C:\CREDITCLAN\web_hook\Inventory\routes\process.route.js:15:8)
    at Module._compile (internal/modules/cjs/loader.js:1063:30)
    at Object.Module._extensions..js (internal/modules/cjs/loader.js:1092:10)
    at Module.load (internal/modules/cjs/loader.js:928:32)
    at Function.Module._load (internal/modules/cjs/loader.js:769:14)
    at Module.require (internal/modules/cjs/loader.js:952:19)
    at require (internal/modules/cjs/helpers.js:88:18)
    at Object.<anonymous> (C:\CREDITCLAN\web_hook\Inventory\util\middleware&route.js:5:22) }
{ time: [34m21-04-2022 15:42:23[39m level: [31merror[39m message: uncaughtException: Cannot find module '../validator/author/author-id'
Require stack:
- C:\CREDITCLAN\web_hook\Inventory\controllers\process.controller.js
- C:\CREDITCLAN\web_hook\Inventory\routes\process.route.js
- C:\CREDITCLAN\web_hook\Inventory\util\middleware&route.js
- C:\CREDITCLAN\web_hook\Inventory\index.js
Error: Cannot find module '../validator/author/author-id'
Require stack:
- C:\CREDITCLAN\web_hook\Inventory\controllers\process.controller.js
- C:\CREDITCLAN\web_hook\Inventory\routes\process.route.js
- C:\CREDITCLAN\web_hook\Inventory\util\middleware&route.js
- C:\CREDITCLAN\web_hook\Inventory\index.js
    at Function.Module._resolveFilename (internal/modules/cjs/loader.js:880:15)
    at Function.Module._load (internal/modules/cjs/loader.js:725:27)
    at Module.require (internal/modules/cjs/loader.js:952:19)
    at require (internal/modules/cjs/helpers.js:88:18)
    at Object.<anonymous> (C:\CREDITCLAN\web_hook\Inventory\controllers\process.controller.js:3:27)
    at Module._compile (internal/modules/cjs/loader.js:1063:30)
    at Object.Module._extensions..js (internal/modules/cjs/loader.js:1092:10)
    at Module.load (internal/modules/cjs/loader.js:928:32)
    at Function.Module._load (internal/modules/cjs/loader.js:769:14)
    at Module.require (internal/modules/cjs/loader.js:952:19) stack: Error: Cannot find module '../validator/author/author-id'
Require stack:
- C:\CREDITCLAN\web_hook\Inventory\controllers\process.controller.js
- C:\CREDITCLAN\web_hook\Inventory\routes\process.route.js
- C:\CREDITCLAN\web_hook\Inventory\util\middleware&route.js
- C:\CREDITCLAN\web_hook\Inventory\index.js
    at Function.Module._resolveFilename (internal/modules/cjs/loader.js:880:15)
    at Function.Module._load (internal/modules/cjs/loader.js:725:27)
    at Module.require (internal/modules/cjs/loader.js:952:19)
    at require (internal/modules/cjs/helpers.js:88:18)
    at Object.<anonymous> (C:\CREDITCLAN\web_hook\Inventory\controllers\process.controller.js:3:27)
    at Module._compile (internal/modules/cjs/loader.js:1063:30)
    at Object.Module._extensions..js (internal/modules/cjs/loader.js:1092:10)
    at Module.load (internal/modules/cjs/loader.js:928:32)
    at Function.Module._load (internal/modules/cjs/loader.js:769:14)
    at Module.require (internal/modules/cjs/loader.js:952:19) }
{ time: [34m21-04-2022 15:43:10[39m level: [31merror[39m message: uncaughtException: Cannot find module '../validator/author/author-id'
Require stack:
- C:\CREDITCLAN\web_hook\Inventory\controllers\process.controller.js
- C:\CREDITCLAN\web_hook\Inventory\routes\process.route.js
- C:\CREDITCLAN\web_hook\Inventory\util\middleware&route.js
- C:\CREDITCLAN\web_hook\Inventory\index.js
Error: Cannot find module '../validator/author/author-id'
Require stack:
- C:\CREDITCLAN\web_hook\Inventory\controllers\process.controller.js
- C:\CREDITCLAN\web_hook\Inventory\routes\process.route.js
- C:\CREDITCLAN\web_hook\Inventory\util\middleware&route.js
- C:\CREDITCLAN\web_hook\Inventory\index.js
    at Function.Module._resolveFilename (internal/modules/cjs/loader.js:880:15)
    at Function.Module._load (internal/modules/cjs/loader.js:725:27)
    at Module.require (internal/modules/cjs/loader.js:952:19)
    at require (internal/modules/cjs/helpers.js:88:18)
    at Object.<anonymous> (C:\CREDITCLAN\web_hook\Inventory\controllers\process.controller.js:3:27)
    at Module._compile (internal/modules/cjs/loader.js:1063:30)
    at Object.Module._extensions..js (internal/modules/cjs/loader.js:1092:10)
    at Module.load (internal/modules/cjs/loader.js:928:32)
    at Function.Module._load (internal/modules/cjs/loader.js:769:14)
    at Module.require (internal/modules/cjs/loader.js:952:19) stack: Error: Cannot find module '../validator/author/author-id'
Require stack:
- C:\CREDITCLAN\web_hook\Inventory\controllers\process.controller.js
- C:\CREDITCLAN\web_hook\Inventory\routes\process.route.js
- C:\CREDITCLAN\web_hook\Inventory\util\middleware&route.js
- C:\CREDITCLAN\web_hook\Inventory\index.js
    at Function.Module._resolveFilename (internal/modules/cjs/loader.js:880:15)
    at Function.Module._load (internal/modules/cjs/loader.js:725:27)
    at Module.require (internal/modules/cjs/loader.js:952:19)
    at require (internal/modules/cjs/helpers.js:88:18)
    at Object.<anonymous> (C:\CREDITCLAN\web_hook\Inventory\controllers\process.controller.js:3:27)
    at Module._compile (internal/modules/cjs/loader.js:1063:30)
    at Object.Module._extensions..js (internal/modules/cjs/loader.js:1092:10)
    at Module.load (internal/modules/cjs/loader.js:928:32)
    at Function.Module._load (internal/modules/cjs/loader.js:769:14)
    at Module.require (internal/modules/cjs/loader.js:952:19) }
